# Server version 0.08 running on DESKTOP-6LCKN0S:8123
# Game ID: 39
# Board class: pentago_twist.PentagoBoard
# Timeout: 20000
# First Move Timeout: 30000
# Date: Tue Apr 13 23:36:22 EDT 2021
# Player 1: Player-0, '260683211', running on DESKTOP-6LCKN0S
# Player 2: Player-1, 'Human', running on DESKTOP-6LCKN0S
START Player-0 260683211
START Player-1 Human
1 1 0 1 0
1 4 3 0 1
4 1 0 1 0
4 4 0 1 1
3 1 0 0 0
2 1 2 1 1
1 2 0 0 0
0 1 0 0 1
2 1 3 1 0
5 1 0 0 1
4 0 0 0 0
2 4 2 0 1
5 1 0 0 0
GAMEOVER WINNER 0
# Game ended: Tue Apr 13 23:37:45 EDT 2021
