# Server version 0.08 running on DESKTOP-6LCKN0S:8123
# Game ID: 56
# Board class: pentago_twist.PentagoBoard
# Timeout: 20000
# First Move Timeout: 30000
# Date: Fri Apr 16 13:18:08 EDT 2021
# Starting at move 11
# Player 1: Player-0, 'Human', running on DESKTOP-6LCKN0S
# Player 2: Player-1, 'RandomPlayer', running on DESKTOP-6LCKN0S
START Player-0 Human
START Player-1 RandomPlayer
4 4 1 0 0
4 3 2 0 1
1 1 1 0 0
1 0 2 0 1
2 2 2 1 0
5 4 1 0 1
3 3 3 0 0
5 3 1 1 1
5 5 2 1 0
5 2 2 1 1
0 3 3 1 0
0 2 2 0 1
1 3 3 1 0
1 5 1 0 1
2 3 3 1 0
0 1 1 1 1
1 3 3 0 0
5 5 2 1 1
4 3 1 1 0
0 3 1 1 1
2 3 1 1 0
1 4 0 0 1
GAMEOVER DISCONNECTION Player-0 WINNER 1
# Game ended: Sat Apr 17 05:31:26 EDT 2021
