# Server version 0.08 running on DESKTOP-6LCKN0S:8123
# Game ID: 14
# Board class: pentago_twist.PentagoBoard
# Timeout: 20000
# First Move Timeout: 30000
# Date: Tue Apr 13 11:29:50 EDT 2021
# Player 1: Player-0, 'Human', running on DESKTOP-6LCKN0S
# Player 2: Player-1, '260683211', running on DESKTOP-6LCKN0S
START Player-0 Human
START Player-1 260683211
0 0 1 0 0
4 4 0 1 1
1 2 1 0 0
1 1 0 1 1
2 0 3 1 0
5 5 0 1 1
3 2 3 1 0
4 1 0 0 1
2 3 2 1 0
2 4 2 0 1
1 2 1 0 0
5 2 0 1 1
2 3 1 0 0
3 5 3 0 1
2 3 3 0 0
2 4 3 0 1
1 2 3 0 0
0 2 3 0 1
3 0 1 0 0
0 0 0 0 1
GAMEOVER WINNER 1
# Game ended: Tue Apr 13 11:31:23 EDT 2021
