# Server version 0.08 running on DESKTOP-6LCKN0S:8123
# Game ID: 52
# Board class: pentago_twist.PentagoBoard
# Timeout: 20000
# First Move Timeout: 30000
# Date: Fri Apr 16 13:13:38 EDT 2021
# Player 1: Player-0, 'Human', running on DESKTOP-6LCKN0S
# Player 2: Player-1, 'RandomPlayer', running on DESKTOP-6LCKN0S
START Player-0 Human
START Player-1 RandomPlayer
1 1 0 1 0
4 4 2 0 1
3 3 1 0 0
0 5 1 0 1
2 2 3 0 0
1 2 1 1 1
3 3 3 1 0
0 5 2 1 1
4 3 1 0 0
4 2 1 1 1
3 2 1 0 0
5 4 0 0 1
GAMEOVER USER CANCEL UNDECIDED
# Game ended: Fri Apr 16 13:14:30 EDT 2021
