# Server version 0.08 running on DESKTOP-6LCKN0S:8123
# Game ID: 12
# Board class: pentago_twist.PentagoBoard
# Timeout: 20000
# First Move Timeout: 30000
# Date: Tue Apr 13 11:14:05 EDT 2021
# Player 1: Player-0, 'Human', running on DESKTOP-6LCKN0S
# Player 2: Player-1, '260683211', running on DESKTOP-6LCKN0S
START Player-0 Human
START Player-1 260683211
0 1 1 0 0
4 4 0 1 1
1 1 1 0 0
4 1 0 1 1
2 3 1 0 0
5 0 0 1 1
2 1 0 1 0
3 2 0 0 1
1 4 2 1 0
1 3 0 0 1
2 2 2 0 0
0 4 0 1 1
2 5 1 0 0
0 0 1 1 1
2 2 2 1 0
5 5 3 1 1
GAMEOVER ILLEGAL MOVE: Player 0, Move: (2, 3), R/F: (2, 3) WINNER 1
# Game ended: Tue Apr 13 11:15:37 EDT 2021
