# Server version 0.08 running on DESKTOP-6LCKN0S:8123
# Game ID: 41
# Board class: pentago_twist.PentagoBoard
# Timeout: 20000
# First Move Timeout: 30000
# Date: Tue Apr 13 23:48:02 EDT 2021
# Player 1: Player-0, 'RandomPlayer', running on DESKTOP-6LCKN0S
# Player 2: Player-1, '260683211', running on DESKTOP-6LCKN0S
START Player-0 RandomPlayer
START Player-1 260683211
1 0 2 0 0
1 1 0 1 1
0 2 1 0 0
4 1 0 1 1
4 0 0 1 0
0 0 2 0 1
1 5 2 1 0
0 3 2 0 1
5 4 1 1 0
1 0 1 1 1
4 4 0 0 0
0 4 3 1 1
4 5 2 1 0
0 0 0 1 1
GAMEOVER WINNER 1
# Game ended: Tue Apr 13 23:48:08 EDT 2021
